<?xml version="1.0" encoding="UTF-8"?>
<!-- Generated by org.testng.reporters.JUnitReportReporter -->
<testsuite hostname="DESKTOP-AMSJ8TE" failures="0" tests="3" name="JavaSeleniumTraning.StreamsTest116" time="0.050" errors="0" timestamp="22 Jan 2024 16:58:47 GMT">
  <testcase classname="JavaSeleniumTraning.StreamsTest116" name="streamFilter" time="0.011"/>
  <testcase classname="JavaSeleniumTraning.StreamsTest116" name="streamMap" time="0.012"/>
  <testcase classname="JavaSeleniumTraning.StreamsTest116" name="streamCollect" time="0.027"/>
</testsuite> <!-- JavaSeleniumTraning.StreamsTest116 -->
