<?xml version="1.0" encoding="UTF-8"?>
<!-- Generated by org.testng.reporters.JUnitReportReporter -->
<testsuite hostname="DESKTOP-AMSJ8TE" failures="0" tests="1" name="JavaSeleniumTraning.StreamsTestCopy" time="0.003" errors="0" timestamp="22 Jan 2024 16:58:47 GMT">
  <testcase classname="JavaSeleniumTraning.StreamsTestCopy" name="streamCollect" time="0.003"/>
</testsuite> <!-- JavaSeleniumTraning.StreamsTestCopy -->
