<?xml version="1.0" encoding="UTF-8"?>
<!-- Generated by org.testng.reporters.JUnitReportReporter -->
<testsuite hostname="DESKTOP-AMSJ8TE" failures="0" tests="1" name="JavaSeleniumTraning.GetUrl" time="26.339" errors="0" timestamp="15 Feb 2024 15:59:21 GMT">
  <testcase classname="JavaSeleniumTraning.GetUrl" name="main" time="26.339"/>
</testsuite> <!-- JavaSeleniumTraning.GetUrl -->
